# JRE version: Java(TM) SE Runtime Environment (8.0_121-b13) (build 1.8.0_121-b13)
# Java VM: Java HotSpot(TM) 64-Bit Server VM (25.121-b13 mixed mode windows-amd64 compressed oops)
Heap:
 PSYoungGen      total 16384K, used 10886K [0x00000000d6100000, 0x00000000d7700000, 0x0000000100000000)
  eden space 11264K, 61% used [0x00000000d6100000,0x00000000d67cd8e0,0x00000000d6c00000)
  from space 5120K, 76% used [0x00000000d7180000,0x00000000d7554120,0x00000000d7680000)
  to   space 5632K, 0% used [0x00000000d6c00000,0x00000000d6c00000,0x00000000d7180000)
 ParOldGen       total 16384K, used 9163K [0x0000000082200000, 0x0000000083200000, 0x00000000d6100000)
  object space 16384K, 55% used [0x0000000082200000,0x0000000082af2ee8,0x0000000083200000)
 Metaspace       used 8297K, capacity 8916K, committed 9088K, reserved 1056768K
  class space    used 998K, capacity 1040K, committed 1152K, reserved 1048576K
GC Heap History (10 events):
Event: 2.569 GC heap before
{Heap before GC invocations=8 (full 0):
 PSYoungGen      total 7168K, used 7106K [0x00000000d6100000, 0x00000000d6f00000, 0x0000000100000000)
  eden space 5632K, 100% used [0x00000000d6100000,0x00000000d6680000,0x00000000d6680000)
  from space 1536K, 95% used [0x00000000d6680000,0x00000000d67f08d8,0x00000000d6800000)
  to   space 1536K, 0% used [0x00000000d6d80000,0x00000000d6d80000,0x00000000d6f00000)
 ParOldGen       total 5632K, used 1352K [0x0000000082200000, 0x0000000082780000, 0x00000000d6100000)
  object space 5632K, 24% used [0x0000000082200000,0x0000000082352238,0x0000000082780000)
 Metaspace       used 7432K, capacity 8180K, committed 8448K, reserved 1056768K
  class space    used 904K, capacity 944K, committed 1024K, reserved 1048576K
Event: 2.574 GC heap after
Heap after GC invocations=8 (full 0):
 PSYoungGen      total 10752K, used 1514K [0x00000000d6100000, 0x00000000d7300000, 0x0000000100000000)
  eden space 9216K, 0% used [0x00000000d6100000,0x00000000d6100000,0x00000000d6a00000)
  from space 1536K, 98% used [0x00000000d6d80000,0x00000000d6efabb8,0x00000000d6f00000)
  to   space 3584K, 0% used [0x00000000d6a00000,0x00000000d6a00000,0x00000000d6d80000)
 ParOldGen       total 5632K, used 4728K [0x0000000082200000, 0x0000000082780000, 0x00000000d6100000)
  object space 5632K, 83% used [0x0000000082200000,0x000000008269e290,0x0000000082780000)
 Metaspace       used 7432K, capacity 8180K, committed 8448K, reserved 1056768K
  class space    used 904K, capacity 944K, committed 1024K, reserved 1048576K
}
Event: 2.574 GC heap before
{Heap before GC invocations=9 (full 1):
 PSYoungGen      total 10752K, used 1514K [0x00000000d6100000, 0x00000000d7300000, 0x0000000100000000)
  eden space 9216K, 0% used [0x00000000d6100000,0x00000000d6100000,0x00000000d6a00000)
  from space 1536K, 98% used [0x00000000d6d80000,0x00000000d6efabb8,0x00000000d6f00000)
  to   space 3584K, 0% used [0x00000000d6a00000,0x00000000d6a00000,0x00000000d6d80000)
 ParOldGen       total 5632K, used 4728K [0x0000000082200000, 0x0000000082780000, 0x00000000d6100000)
  object space 5632K, 83% used [0x0000000082200000,0x000000008269e290,0x0000000082780000)
 Metaspace       used 7432K, capacity 8180K, committed 8448K, reserved 1056768K
  class space    used 904K, capacity 944K, committed 1024K, reserved 1048576K
Event: 2.619 GC heap after
Heap after GC invocations=9 (full 1):
 PSYoungGen      total 10752K, used 490K [0x00000000d6100000, 0x00000000d7300000, 0x0000000100000000)
  eden space 9216K, 0% used [0x00000000d6100000,0x00000000d6100000,0x00000000d6a00000)
  from space 1536K, 31% used [0x00000000d6d80000,0x00000000d6dfa8c0,0x00000000d6f00000)
  to   space 3584K, 0% used [0x00000000d6a00000,0x00000000d6a00000,0x00000000d6d80000)
 ParOldGen       total 9728K, used 5327K [0x0000000082200000, 0x0000000082b80000, 0x00000000d6100000)
  object space 9728K, 54% used [0x0000000082200000,0x0000000082733c00,0x0000000082b80000)
 Metaspace       used 7432K, capacity 8180K, committed 8448K, reserved 1056768K
  class space    used 904K, capacity 944K, committed 1024K, reserved 1048576K
}
Event: 3.199 GC heap before
{Heap before GC invocations=10 (full 1):
 PSYoungGen      total 10752K, used 9706K [0x00000000d6100000, 0x00000000d7300000, 0x0000000100000000)
  eden space 9216K, 100% used [0x00000000d6100000,0x00000000d6a00000,0x00000000d6a00000)
  from space 1536K, 31% used [0x00000000d6d80000,0x00000000d6dfa8c0,0x00000000d6f00000)
  to   space 3584K, 0% used [0x00000000d6a00000,0x00000000d6a00000,0x00000000d6d80000)
 ParOldGen       total 9728K, used 5327K [0x0000000082200000, 0x0000000082b80000, 0x00000000d6100000)
  object space 9728K, 54% used [0x0000000082200000,0x0000000082733c00,0x0000000082b80000)
 Metaspace       used 7462K, capacity 8180K, committed 8448K, reserved 1056768K
  class space    used 905K, capacity 944K, committed 1024K, reserved 1048576K
Event: 3.204 GC heap after
Heap after GC invocations=10 (full 1):
 PSYoungGen      total 12800K, used 3566K [0x00000000d6100000, 0x00000000d7680000, 0x0000000100000000)
  eden space 9216K, 0% used [0x00000000d6100000,0x00000000d6100000,0x00000000d6a00000)
  from space 3584K, 99% used [0x00000000d6a00000,0x00000000d6d7bba0,0x00000000d6d80000)
  to   space 5120K, 0% used [0x00000000d7180000,0x00000000d7180000,0x00000000d7680000)
 ParOldGen       total 9728K, used 7639K [0x0000000082200000, 0x0000000082b80000, 0x00000000d6100000)
  object space 9728K, 78% used [0x0000000082200000,0x0000000082975d78,0x0000000082b80000)
 Metaspace       used 7462K, capacity 8180K, committed 8448K, reserved 1056768K
  class space    used 905K, capacity 944K, committed 1024K, reserved 1048576K
}
Event: 3.204 GC heap before
{Heap before GC invocations=11 (full 2):
 PSYoungGen      total 12800K, used 3566K [0x00000000d6100000, 0x00000000d7680000, 0x0000000100000000)
  eden space 9216K, 0% used [0x00000000d6100000,0x00000000d6100000,0x00000000d6a00000)
  from space 3584K, 99% used [0x00000000d6a00000,0x00000000d6d7bba0,0x00000000d6d80000)
  to   space 5120K, 0% used [0x00000000d7180000,0x00000000d7180000,0x00000000d7680000)
 ParOldGen       total 9728K, used 7639K [0x0000000082200000, 0x0000000082b80000, 0x00000000d6100000)
  object space 9728K, 78% used [0x0000000082200000,0x0000000082975d78,0x0000000082b80000)
 Metaspace       used 7462K, capacity 8180K, committed 8448K, reserved 1056768K
  class space    used 905K, capacity 944K, committed 1024K, reserved 1048576K
Event: 3.231 GC heap after
Heap after GC invocations=11 (full 2):
 PSYoungGen      total 12800K, used 0K [0x00000000d6100000, 0x00000000d7680000, 0x0000000100000000)
  eden space 9216K, 0% used [0x00000000d6100000,0x00000000d6100000,0x00000000d6a00000)
  from space 3584K, 0% used [0x00000000d6a00000,0x00000000d6a00000,0x00000000d6d80000)
  to   space 5120K, 0% used [0x00000000d7180000,0x00000000d7180000,0x00000000d7680000)
 ParOldGen       total 16384K, used 9155K [0x0000000082200000, 0x0000000083200000, 0x00000000d6100000)
  object space 16384K, 55% used [0x0000000082200000,0x0000000082af0ee8,0x0000000083200000)
 Metaspace       used 7462K, capacity 8180K, committed 8448K, reserved 1056768K
  class space    used 905K, capacity 944K, committed 1024K, reserved 1048576K
}
Event: 3.525 GC heap before
{Heap before GC invocations=12 (full 2):
 PSYoungGen      total 12800K, used 9216K [0x00000000d6100000, 0x00000000d7680000, 0x0000000100000000)
  eden space 9216K, 100% used [0x00000000d6100000,0x00000000d6a00000,0x00000000d6a00000)
  from space 3584K, 0% used [0x00000000d6a00000,0x00000000d6a00000,0x00000000d6d80000)
  to   space 5120K, 0% used [0x00000000d7180000,0x00000000d7180000,0x00000000d7680000)
 ParOldGen       total 16384K, used 9155K [0x0000000082200000, 0x0000000083200000, 0x00000000d6100000)
  object space 16384K, 55% used [0x0000000082200000,0x0000000082af0ee8,0x0000000083200000)
 Metaspace       used 7704K, capacity 8372K, committed 8704K, reserved 1056768K
  class space    used 923K, capacity 944K, committed 1024K, reserved 1048576K
Event: 3.530 GC heap after
Heap after GC invocations=12 (full 2):
 PSYoungGen      total 16384K, used 3920K [0x00000000d6100000, 0x00000000d7700000, 0x0000000100000000)
  eden space 11264K, 0% used [0x00000000d6100000,0x00000000d6100000,0x00000000d6c00000)
  from space 5120K, 76% used [0x00000000d7180000,0x00000000d7554120,0x00000000d7680000)
  to   space 5632K, 0% used [0x00000000d6c00000,0x00000000d6c00000,0x00000000d7180000)
 ParOldGen       total 16384K, used 9163K [0x0000000082200000, 0x0000000083200000, 0x00000000d6100000)
  object space 16384K, 55% used [0x0000000082200000,0x0000000082af2ee8,0x0000000083200000)
 Metaspace       used 7704K, capacity 8372K, committed 8704K, reserved 1056768K
  class space    used 923K, capacity 944K, committed 1024K, reserved 1048576K
}

